west-norm-1109094286.417035000.jpeg	0	0.080000
west-norm-1109094287.695807000.jpeg	0	0.240000
west-norm-1109094288.480120000.jpeg	0	0.250000
west-norm-1109094289.170740000.jpeg	0	0.290000
west-norm-1109094289.953665000.jpeg	0	0.300000
west-norm-1109094290.758734000.jpeg	0	0.290000
west-norm-1109094291.630312000.jpeg	0	0.200000
west-norm-1109094292.394293000.jpeg	0	0.240000
west-norm-1109094293.117141000.jpeg	0	0.220000
west-norm-1109094293.964996000.jpeg	0	0.200000
west-norm-1109094294.861905000.jpeg	0	0.230000
west-norm-1109094295.656535000.jpeg	0	0.320000
west-norm-1109094296.298858000.jpeg	0	0.240000
west-norm-1109094297.168192000.jpeg	0	0.210000
west-norm-1109094298.028455000.jpeg	0	0.230000
west-norm-1109094298.699275000.jpeg	0	0.270000
west-norm-1109094299.456592000.jpeg	0	0.250000
west-norm-1109094300.196644000.jpeg	0	0.250000
west-norm-1109094300.944499000.jpeg	0	0.220000
west-norm-1109094301.618636000.jpeg	0	0.230000
west-norm-1109094302.562807000.jpeg	0	0.200000
west-norm-1109094303.309993000.jpeg	0	0.260000
west-norm-1109094304.053965000.jpeg	0	0.250000
west-norm-1109094304.874724000.jpeg	0	0.240000
west-norm-1109094305.605190000.jpeg	0	0.250000
west-norm-1109094306.465983000.jpeg	0	0.250000
west-norm-1109094307.266340000.jpeg	0	0.260000
west-norm-1109094308.130557000.jpeg	0	0.220000
west-norm-1109094308.867977000.jpeg	0	0.240000
west-norm-1109094309.548434000.jpeg	0	0.200000
west-norm-1109094310.419592000.jpeg	0	0.330000
west-norm-1109094311.150552000.jpeg	0	0.230000
west-norm-1109094312.327367000.jpeg	0	0.270000
west-norm-1109094313.135068000.jpeg	0	0.240000
west-norm-1109094313.776066000.jpeg	0	0.220000
west-norm-1109094314.609599000.jpeg	0	0.220000
west-norm-1109094315.404040000.jpeg	0	0.220000
west-norm-1109094316.095162000.jpeg	0	0.240000
west-norm-1109094316.901870000.jpeg	0	0.260000
west-norm-1109094317.759079000.jpeg	0	0.270000
west-norm-1109094319.053448000.jpeg	0	0.210000
west-norm-1109094319.838051000.jpeg	0	0.240000
west-norm-1109094320.528822000.jpeg	0	0.220000
west-norm-1109094321.219396000.jpeg	0	0.260000
west-norm-1109094321.910048000.jpeg	0	0.270000
west-norm-1109094322.717392000.jpeg	0	0.270000
west-norm-1109094323.301080000.jpeg	0	0.150000
west-norm-1109094323.991884000.jpeg	0	0.230000
west-norm-1109094324.853171000.jpeg	0	0.220000
west-norm-1109094325.573466000.jpeg	0	0.210000
west-norm-1109094326.254380000.jpeg	0	0.210000
west-norm-1109094327.114783000.jpeg	0	0.240000
west-norm-1109094327.995035000.jpeg	0	0.240000
west-norm-1109094328.656824000.jpeg	0	0.240000
west-norm-1109094329.517007000.jpeg	0	0.310000
west-norm-1109094330.424579000.jpeg	0	0.160000
west-norm-1109094331.166499000.jpeg	0	0.190000
west-norm-1109094332.025467000.jpeg	0	0.240000
west-norm-1109094332.777671000.jpeg	0	0.200000
west-norm-1109094333.540984000.jpeg	0	0.230000
west-norm-1109094334.221846000.jpeg	0	0.220000
west-norm-1109094335.068507000.jpeg	0	0.230000
west-norm-1109094335.817994000.jpeg	0	0.250000
west-norm-1109094336.669970000.jpeg	0	0.210000
west-norm-1109094337.471772000.jpeg	0	0.260000
west-norm-1109094338.315513000.jpeg	0	0.200000
west-norm-1109094338.959332000.jpeg	0	0.290000
west-norm-1109094339.646466000.jpeg	0	0.220000
west-norm-1109094340.337223000.jpeg	0	0.250000
west-norm-1109094341.197920000.jpeg	0	0.280000
west-norm-1109094341.928533000.jpeg	0	0.200000
west-norm-1109094342.608629000.jpeg	0	0.270000
west-norm-1109094343.608345000.jpeg	0	0.210000
west-norm-1109094344.470636000.jpeg	0	0.290000
west-norm-1109094345.637641000.jpeg	0	0.220000
west-norm-1109094346.412276000.jpeg	0	0.240000
west-norm-1109094347.056331000.jpeg	0	0.240000
west-norm-1109094347.923844000.jpeg	0	0.180000
west-norm-1109094348.730286000.jpeg	0	0.260000
west-norm-1109094349.561594000.jpeg	0	0.330000
west-norm-1109094350.345659000.jpeg	0	0.220000
west-norm-1109094351.412373000.jpeg	0	0.230000
west-norm-1109094352.217607000.jpeg	0	0.190000
west-norm-1109094352.898178000.jpeg	0	0.240000
west-norm-1109094354.553062000.jpeg	0	0.240000
west-norm-1109094355.370487000.jpeg	0	0.240000
west-norm-1109094356.060518000.jpeg	0	0.170000
west-norm-1109094356.701021000.jpeg	0	0.240000
west-norm-1109094357.871454000.jpeg	0	0.230000
west-norm-1109094358.732913000.jpeg	0	0.240000
west-norm-1109094359.444437000.jpeg	0	0.200000
west-norm-1109094360.135656000.jpeg	0	0.200000
west-norm-1109094360.772748000.jpeg	0	0.220000
west-norm-1109094361.456317000.jpeg	0	0.250000
west-norm-1109094362.146847000.jpeg	0	0.240000
west-norm-1109094363.007615000.jpeg	0	0.250000
west-norm-1109094363.979235000.jpeg	0	0.250000
west-norm-1109094364.749022000.jpeg	0	0.200000
west-norm-1109094365.619548000.jpeg	0	0.230000
west-norm-1109094366.350331000.jpeg	0	0.280000
west-norm-1109094367.221629000.jpeg	0	0.220000
west-norm-1109094367.952211000.jpeg	0	0.240000
west-norm-1109094368.823181000.jpeg	0	0.180000
west-norm-1109094369.624068000.jpeg	0	0.240000
west-norm-1109094370.481016000.jpeg	0	0.240000
west-norm-1109094371.265028000.jpeg	0	0.180000
west-norm-1109094371.901202000.jpeg	0	0.270000
west-norm-1109094372.837111000.jpeg	0	0.240000
west-norm-1109094373.903238000.jpeg	0	0.280000
west-norm-1109094374.768840000.jpeg	0	0.240000
west-norm-1109094375.834897000.jpeg	0	0.270000
west-norm-1109094376.690236000.jpeg	0	0.260000
west-norm-1109094377.611014000.jpeg	0	0.240000
west-norm-1109094378.350436000.jpeg	0	0.260000
west-norm-1109094379.212599000.jpeg	0	0.290000
west-norm-1109094380.023132000.jpeg	0	0.230000
west-norm-1109094380.713348000.jpeg	0	0.170000
west-norm-1109094381.564522000.jpeg	0	0.310000
west-norm-1109094382.302988000.jpeg	0	0.190000
west-norm-1109094383.168710000.jpeg	0	0.220000
west-norm-1109094383.936499000.jpeg	0	0.260000
west-norm-1109094384.645282000.jpeg	0	0.260000
west-norm-1109094385.327756000.jpeg	0	0.180000
west-norm-1109094386.188956000.jpeg	0	0.210000
west-norm-1109094386.922445000.jpeg	0	0.230000
west-norm-1109094387.660381000.jpeg	0	0.180000
west-norm-1109094389.117094000.jpeg	0	0.220000
west-norm-1109094389.919192000.jpeg	0	0.310000
west-norm-1109094390.718782000.jpeg	0	0.210000
west-norm-1109094391.503843000.jpeg	0	0.240000
west-norm-1109094392.194167000.jpeg	0	0.180000
west-norm-1109094392.827726000.jpeg	0	0.310000
west-norm-1109094393.681200000.jpeg	0	0.240000
west-norm-1109094394.466142000.jpeg	0	0.190000
west-norm-1109094395.190517000.jpeg	0	0.230000
west-norm-1109094396.043573000.jpeg	0	0.270000
west-norm-1109094396.790939000.jpeg	0	0.180000
west-norm-1109094397.575940000.jpeg	0	0.220000
west-norm-1109094398.435744000.jpeg	0	0.250000
west-norm-1109094399.177285000.jpeg	0	0.250000
west-norm-1109094400.026864000.jpeg	0	0.250000
west-norm-1109094400.901185000.jpeg	0	0.200000
west-norm-1109094401.542173000.jpeg	0	0.270000
west-norm-1109094402.402023000.jpeg	0	0.220000
west-norm-1109094403.186764000.jpeg	0	0.280000
west-norm-1109094403.853904000.jpeg	0	0.270000
west-norm-1109094404.591621000.jpeg	0	0.250000
west-norm-1109094405.175723000.jpeg	0	0.200000
west-norm-1109094405.935824000.jpeg	0	0.220000
west-norm-1109094406.627378000.jpeg	0	0.280000
west-norm-1109094407.488106000.jpeg	0	0.230000
west-norm-1109094408.221206000.jpeg	0	0.270000
west-norm-1109094408.898565000.jpeg	0	0.320000
west-norm-1109094409.645930000.jpeg	0	0.220000
west-norm-1109094410.440651000.jpeg	0	0.290000
west-norm-1109094411.261347000.jpeg	0	0.240000
west-norm-1109094412.122126000.jpeg	0	0.190000
west-norm-1109094412.856822000.jpeg	0	0.290000
west-norm-1109094413.723835000.jpeg	0	0.290000
west-norm-1109094414.457207000.jpeg	0	0.290000
west-norm-1109094415.134221000.jpeg	0	0.280000
west-norm-1109094416.005654000.jpeg	0	0.240000
west-norm-1109094416.992479000.jpeg	0	0.230000
west-norm-1109094417.767787000.jpeg	0	0.300000
west-norm-1109094418.421822000.jpeg	0	0.310000
west-norm-1109094419.098576000.jpeg	0	0.180000
west-norm-1109094419.958805000.jpeg	0	0.260000
west-norm-1109094420.700067000.jpeg	0	0.150000
west-norm-1109094422.071825000.jpeg	0	0.300000
west-norm-1109094423.618892000.jpeg	0	0.240000
west-norm-1109094424.407341000.jpeg	0	0.250000
west-norm-1109094425.174116000.jpeg	0	0.190000
west-norm-1109094426.151106000.jpeg	0	0.210000
west-norm-1109094427.036020000.jpeg	0	0.210000
west-norm-1109094427.706302000.jpeg	0	0.220000
west-norm-1109094428.853813000.jpeg	0	0.310000
west-norm-1109094429.778260000.jpeg	0	0.150000
west-norm-1109094430.678784000.jpeg	0	0.240000
west-norm-1109094431.429255000.jpeg	0	0.270000
west-norm-1109094432.157790000.jpeg	0	0.250000
west-norm-1109094433.021702000.jpeg	0	0.250000
west-norm-1109094433.758633000.jpeg	0	0.280000
west-norm-1109094434.452285000.jpeg	0	0.160000
west-norm-1109094435.303128000.jpeg	0	0.260000
west-norm-1109094436.064042000.jpeg	0	0.260000
west-norm-1109094436.995661000.jpeg	0	0.260000
west-norm-1109094437.765357000.jpeg	0	0.170000
west-norm-1109094438.445615000.jpeg	0	0.170000
west-norm-1109094439.096513000.jpeg	0	0.310000
west-norm-1109094439.967362000.jpeg	0	0.270000
west-norm-1109094440.700825000.jpeg	0	0.370000
west-norm-1109094441.567559000.jpeg	0	0.390000
west-norm-1109094442.430076000.jpeg	0	0.400000
west-norm-1109094443.070838000.jpeg	0	0.390000
west-norm-1109094443.761118000.jpeg	0	0.240000
west-norm-1109094444.621233000.jpeg	0	0.280000
west-norm-1109094445.363138000.jpeg	0	0.210000
west-norm-1109094446.223234000.jpeg	0	0.270000
west-norm-1109094447.050624000.jpeg	0	0.240000
west-norm-1109094447.747696000.jpeg	0	0.250000
