west-norm-1109094972.801419000.jpeg   0
west-norm-1109094974.289709000.jpeg   0
west-norm-1109094975.084544000.jpeg   0
west-norm-1109094975.785514000.jpeg   0
west-norm-1109094976.495970000.jpeg   0
west-norm-1109094977.146587000.jpeg   0
west-norm-1109094977.837965000.jpeg   0
west-norm-1109094978.597202000.jpeg   1
west-norm-1109094979.388977000.jpeg   1
west-norm-1109094980.119838000.jpeg   1
west-norm-1109094980.978064000.jpeg   1
west-norm-1109094981.789539000.jpeg   1
west-norm-1109094982.641514000.jpeg   1
west-norm-1109094983.390179000.jpeg   1
west-norm-1109094984.211479000.jpeg   1
west-norm-1109094985.002050000.jpeg   1
west-norm-1109094985.702684000.jpeg   1
west-norm-1109094986.394759000.jpeg   1
west-norm-1109094987.115877000.jpeg   1
west-norm-1109094987.882782000.jpeg   1
west-norm-1109094988.586773000.jpeg   1
west-norm-1109094989.667703000.jpeg   1
west-norm-1109094990.478557000.jpeg   1
west-norm-1109094991.379702000.jpeg   1
west-norm-1109094992.780453000.jpeg   1
west-norm-1109094993.510706000.jpeg   1
west-norm-1109094994.345281000.jpeg   1
west-norm-1109094995.212272000.jpeg   1
west-norm-1109094996.253381000.jpeg   1
west-norm-1109094996.936635000.jpeg   1
west-norm-1109094997.694902000.jpeg   1
west-norm-1109094998.403244000.jpeg   1
west-norm-1109094999.302175000.jpeg   2
west-norm-1109095000.331820000.jpeg   2
west-norm-1109095001.020767000.jpeg   2
west-norm-1109095001.742982000.jpeg   2
west-norm-1109095002.388816000.jpeg   2
west-norm-1109095003.147793000.jpeg   2
west-norm-1109095004.007290000.jpeg   2
west-norm-1109095004.763570000.jpeg   2
west-norm-1109095005.449820000.jpeg   2
west-norm-1109095006.310963000.jpeg   2
west-norm-1109095007.087778000.jpeg   2
west-norm-1109095007.804650000.jpeg   2
west-norm-1109095008.665786000.jpeg   2
west-norm-1109095009.443355000.jpeg   2
west-norm-1109095010.077774000.jpeg   2
west-norm-1109095010.945046000.jpeg   2
west-norm-1109095011.685578000.jpeg   2
west-norm-1109095012.496195000.jpeg   2
west-norm-1109095013.233872000.jpeg   2
west-norm-1109095014.207750000.jpeg   2
west-norm-1109095015.018946000.jpeg   2
west-norm-1109095015.678938000.jpeg   2
west-norm-1109095016.561068000.jpeg   2
west-norm-1109095017.281256000.jpeg   2
west-norm-1109095018.309167000.jpeg   2
west-norm-1109095018.956937000.jpeg   2
west-norm-1109095019.759794000.jpeg   2
west-norm-1109095020.322968000.jpeg   2
west-norm-1109095021.195056000.jpeg   2
west-norm-1109095021.937241000.jpeg   1
west-norm-1109095022.808221000.jpeg   1
west-norm-1109095023.610062000.jpeg   1
west-norm-1109095024.287945000.jpeg   1
west-norm-1109095024.979441000.jpeg   1
west-norm-1109095025.850481000.jpeg   1
west-norm-1109095026.581557000.jpeg   1
west-norm-1109095027.442259000.jpeg   1
west-norm-1109095028.172869000.jpeg   1
west-norm-1109095028.931915000.jpeg   1
west-norm-1109095029.769722000.jpeg   1
west-norm-1109095030.555136000.jpeg   1
west-norm-1109095031.244104000.jpeg   1
west-norm-1109095031.926455000.jpeg   1
west-norm-1109095032.556680000.jpeg   1
west-norm-1109095033.247294000.jpeg   1
west-norm-1109095034.173416000.jpeg   1
west-norm-1109095034.948943000.jpeg   1
west-norm-1109095035.586980000.jpeg   1
west-norm-1109095036.406584000.jpeg   1
west-norm-1109095037.230618000.jpeg   1
west-norm-1109095037.870679000.jpeg   1
west-norm-1109095038.754388000.jpeg   1
west-norm-1109095039.513560000.jpeg   1
west-norm-1109095040.410235000.jpeg   1
west-norm-1109095041.164672000.jpeg   1
west-norm-1109095042.024113000.jpeg   1
west-norm-1109095042.806176000.jpeg   1
west-norm-1109095043.481620000.jpeg   1
west-norm-1109095044.206458000.jpeg   1
west-norm-1109095044.887830000.jpeg   1
west-norm-1109095045.748869000.jpeg   1
west-norm-1109095046.480163000.jpeg   1
west-norm-1109095047.170280000.jpeg   1
west-norm-1109095048.021228000.jpeg   1
west-norm-1109095048.843084000.jpeg   1
west-norm-1109095049.601602000.jpeg   1
west-norm-1109095050.241451000.jpeg   1
west-norm-1109095050.923094000.jpeg   1
west-norm-1109095051.784071000.jpeg   1
west-norm-1109095052.523231000.jpeg   1
west-norm-1109095053.385343000.jpeg   1
west-norm-1109095054.112791000.jpeg   1
west-norm-1109095054.885515000.jpeg   1
west-norm-1109095055.746347000.jpeg   1
west-norm-1109095056.476802000.jpeg   1
west-norm-1109095057.349349000.jpeg   1
west-norm-1109095058.090021000.jpeg   0
west-norm-1109095059.046847000.jpeg   0
west-norm-1109095059.859667000.jpeg   0
west-norm-1109095060.552607000.jpeg   1
west-norm-1109095061.421648000.jpeg   1
west-norm-1109095062.145375000.jpeg   1
west-norm-1109095062.832801000.jpeg   1
west-norm-1109095063.693385000.jpeg   1
west-norm-1109095064.440378000.jpeg   1
west-norm-1109095065.214852000.jpeg   0
west-norm-1109095066.075547000.jpeg   0
west-norm-1109095066.982101000.jpeg   0
west-norm-1109095067.777425000.jpeg   0
west-norm-1109095068.574170000.jpeg   0
west-norm-1109095069.358777000.jpeg   0
west-norm-1109095070.119329000.jpeg   0
west-norm-1109095070.810126000.jpeg   0
west-norm-1109095071.450853000.jpeg   0
west-norm-1109095072.286997000.jpeg   0
west-norm-1109095073.073822000.jpeg   0
west-norm-1109095074.142343000.jpeg   0
west-norm-1109095075.012553000.jpeg   1
west-norm-1109095075.706151000.jpeg   1
west-norm-1109095076.384969000.jpeg   0
west-norm-1109095077.021487000.jpeg   1
west-norm-1109095077.885980000.jpeg   1
west-norm-1109095078.675668000.jpeg   1
west-norm-1109095079.314104000.jpeg   1
west-norm-1109095080.253531000.jpeg   0
west-norm-1109095080.998990000.jpeg   0
west-norm-1109095081.859707000.jpeg   1
west-norm-1109095082.589838000.jpeg   1
west-norm-1109095083.452598000.jpeg   1
west-norm-1109095084.186470000.jpeg   1
west-norm-1109095084.992003000.jpeg   1
west-norm-1109095085.732964000.jpeg   1
west-norm-1109095086.562335000.jpeg   0
west-norm-1109095087.411497000.jpeg   0
west-norm-1109095088.195333000.jpeg   0
west-norm-1109095088.838202000.jpeg   1
west-norm-1109095089.526434000.jpeg   1
west-norm-1109095090.376602000.jpeg   1
west-norm-1109095091.158170000.jpeg   1
west-norm-1109095091.874511000.jpeg   1
west-norm-1109095092.749492000.jpeg   1
west-norm-1109095093.489536000.jpeg   1
west-norm-1109095094.360815000.jpeg   1
west-norm-1109095095.101171000.jpeg   1
west-norm-1109095095.962050000.jpeg   1
west-norm-1109095096.702429000.jpeg   1
west-norm-1109095097.620361000.jpeg   1
west-norm-1109095098.403882000.jpeg   0
west-norm-1109095099.037874000.jpeg   0
west-norm-1109095099.831412000.jpeg   0
west-norm-1109095100.831628000.jpeg   1
west-norm-1109095101.565398000.jpeg   1
west-norm-1109095102.484016000.jpeg   1
west-norm-1109095103.258756000.jpeg   1
west-norm-1109095104.033760000.jpeg   1
west-norm-1109095104.600277000.jpeg   1
west-norm-1109095105.460588000.jpeg   1
west-norm-1109095106.196823000.jpeg   1
west-norm-1109095107.061756000.jpeg   0
west-norm-1109095107.905769000.jpeg   0
west-norm-1109095108.592724000.jpeg   0
west-norm-1109095109.453348000.jpeg   0
west-norm-1109095110.192425000.jpeg   0
west-norm-1109095110.874946000.jpeg   0
west-norm-1109095111.735553000.jpeg   0
west-norm-1109095112.696696000.jpeg   0
west-norm-1109095113.446783000.jpeg   0
west-norm-1109095114.124400000.jpeg   0
west-norm-1109095114.998460000.jpeg   0
west-norm-1109095115.845668000.jpeg   0
west-norm-1109095116.419953000.jpeg   0
west-norm-1109095117.316732000.jpeg   0
west-norm-1109095118.190053000.jpeg   0
west-norm-1109095118.865277000.jpeg   0
west-norm-1109095119.732950000.jpeg   0
west-norm-1109095120.463823000.jpeg   0
west-norm-1109095121.334326000.jpeg   0
west-norm-1109095122.064780000.jpeg   0
west-norm-1109095122.850034000.jpeg   0
west-norm-1109095123.775317000.jpeg   0
west-norm-1109095124.727235000.jpeg   0
west-norm-1109095125.524381000.jpeg   0
west-norm-1109095126.319135000.jpeg   0
west-norm-1109095127.126347000.jpeg   0
west-norm-1109095127.930152000.jpeg   0
west-norm-1109095128.571473000.jpeg   0
west-norm-1109095129.509020000.jpeg   0
west-norm-1109095130.228115000.jpeg   0
